{"/Users/elishabello/Desktop/SoftwareProjects/Node/Gratis Digital/simple_blog_backend/app.js": {"path":"/Users/elishabello/Desktop/SoftwareProjects/Node/Gratis Digital/simple_blog_backend/app.js","statementMap":{"0":{"start":{"line":9,"column":18},"end":{"line":9,"column":28}},"1":{"start":{"line":18,"column":14},"end":{"line":18,"column":32}},"2":{"start":{"line":24,"column":19},"end":{"line":24,"column":28}},"3":{"start":{"line":26,"column":20},"end":{"line":26,"column":61}},"4":{"start":{"line":27,"column":0},"end":{"line":27,"column":22}},"5":{"start":{"line":30,"column":0},"end":{"line":30,"column":16}},"6":{"start":{"line":31,"column":0},"end":{"line":31,"column":24}},"7":{"start":{"line":32,"column":0},"end":{"line":41,"column":4}},"8":{"start":{"line":42,"column":0},"end":{"line":46,"column":2}},"9":{"start":{"line":49,"column":0},"end":{"line":51,"column":2}},"10":{"start":{"line":50,"column":4},"end":{"line":50,"column":69}},"11":{"start":{"line":54,"column":0},"end":{"line":54,"column":37}},"12":{"start":{"line":55,"column":0},"end":{"line":55,"column":40}},"13":{"start":{"line":56,"column":0},"end":{"line":56,"column":56}},"14":{"start":{"line":57,"column":0},"end":{"line":57,"column":44}},"15":{"start":{"line":58,"column":0},"end":{"line":58,"column":46}},"16":{"start":{"line":59,"column":0},"end":{"line":59,"column":50}},"17":{"start":{"line":62,"column":0},"end":{"line":62,"column":54}},"18":{"start":{"line":63,"column":0},"end":{"line":63,"column":56}},"19":{"start":{"line":64,"column":0},"end":{"line":64,"column":86}},"20":{"start":{"line":65,"column":0},"end":{"line":65,"column":63}},"21":{"start":{"line":66,"column":0},"end":{"line":66,"column":66}},"22":{"start":{"line":75,"column":0},"end":{"line":75,"column":19}},"23":{"start":{"line":76,"column":0},"end":{"line":76,"column":27}},"24":{"start":{"line":79,"column":22},"end":{"line":79,"column":44}},"25":{"start":{"line":80,"column":0},"end":{"line":80,"column":20}},"26":{"start":{"line":83,"column":0},"end":{"line":85,"column":2}},"27":{"start":{"line":84,"column":4},"end":{"line":84,"column":75}},"28":{"start":{"line":86,"column":0},"end":{"line":86,"column":28}},"29":{"start":{"line":87,"column":0},"end":{"line":87,"column":36}}},"fnMap":{"0":{"name":"(anonymous_0)","decl":{"start":{"line":49,"column":19},"end":{"line":49,"column":20}},"loc":{"start":{"line":49,"column":44},"end":{"line":51,"column":1}},"line":49},"1":{"name":"(anonymous_1)","decl":{"start":{"line":83,"column":21},"end":{"line":83,"column":22}},"loc":{"start":{"line":83,"column":35},"end":{"line":85,"column":1}},"line":83}},"branchMap":{"0":{"loc":{"start":{"line":26,"column":34},"end":{"line":26,"column":60}},"type":"binary-expr","locations":[{"start":{"line":26,"column":34},"end":{"line":26,"column":50}},{"start":{"line":26,"column":54},"end":{"line":26,"column":60}}],"line":26},"1":{"loc":{"start":{"line":32,"column":15},"end":{"line":32,"column":54}},"type":"binary-expr","locations":[{"start":{"line":32,"column":15},"end":{"line":32,"column":45}},{"start":{"line":32,"column":49},"end":{"line":32,"column":54}}],"line":32},"2":{"loc":{"start":{"line":33,"column":12},"end":{"line":40,"column":24}},"type":"cond-expr","locations":[{"start":{"line":34,"column":8},"end":{"line":39,"column":10}},{"start":{"line":40,"column":10},"end":{"line":40,"column":24}}],"line":33}},"s":{"0":1,"1":1,"2":1,"3":1,"4":1,"5":1,"6":1,"7":1,"8":1,"9":1,"10":0,"11":1,"12":1,"13":1,"14":1,"15":1,"16":1,"17":1,"18":1,"19":1,"20":1,"21":1,"22":1,"23":1,"24":1,"25":1,"26":1,"27":1,"28":1,"29":1},"f":{"0":0,"1":1},"b":{"0":[1,1],"1":[1,1],"2":[0,1]},"_coverageSchema":"1a1c01bbd47fc00a2c39e90264f33305004495a9","hash":"a5b82e9d6f0e0d73ee465c566b26b6b71f9d1e2a"}
,"/Users/elishabello/Desktop/SoftwareProjects/Node/Gratis Digital/simple_blog_backend/approotdir.js": {"path":"/Users/elishabello/Desktop/SoftwareProjects/Node/Gratis Digital/simple_blog_backend/approotdir.js","statementMap":{"0":{"start":{"line":3,"column":19},"end":{"line":3,"column":53}},"1":{"start":{"line":4,"column":18},"end":{"line":4,"column":42}},"2":{"start":{"line":5,"column":26},"end":{"line":5,"column":35}}},"fnMap":{},"branchMap":{},"s":{"0":1,"1":1,"2":1},"f":{},"b":{},"_coverageSchema":"1a1c01bbd47fc00a2c39e90264f33305004495a9","hash":"0fccf1590d84124fcf452df76f3598994dab947e"}
,"/Users/elishabello/Desktop/SoftwareProjects/Node/Gratis Digital/simple_blog_backend/appsupport.js": {"path":"/Users/elishabello/Desktop/SoftwareProjects/Node/Gratis Digital/simple_blog_backend/appsupport.js","statementMap":{"0":{"start":{"line":3,"column":14},"end":{"line":3,"column":32}},"1":{"start":{"line":4,"column":17},"end":{"line":4,"column":35}},"2":{"start":{"line":8,"column":17},"end":{"line":8,"column":34}},"3":{"start":{"line":9,"column":4},"end":{"line":10,"column":21}},"4":{"start":{"line":10,"column":8},"end":{"line":10,"column":19}},"5":{"start":{"line":11,"column":4},"end":{"line":13,"column":5}},"6":{"start":{"line":12,"column":8},"end":{"line":12,"column":20}},"7":{"start":{"line":14,"column":4},"end":{"line":14,"column":17}},"8":{"start":{"line":18,"column":4},"end":{"line":18,"column":20}},"9":{"start":{"line":19,"column":4},"end":{"line":21,"column":5}},"10":{"start":{"line":20,"column":8},"end":{"line":20,"column":20}},"11":{"start":{"line":22,"column":17},"end":{"line":24,"column":24}},"12":{"start":{"line":25,"column":4},"end":{"line":36,"column":5}},"13":{"start":{"line":27,"column":12},"end":{"line":27,"column":66}},"14":{"start":{"line":28,"column":12},"end":{"line":28,"column":28}},"15":{"start":{"line":29,"column":12},"end":{"line":29,"column":18}},"16":{"start":{"line":31,"column":12},"end":{"line":31,"column":55}},"17":{"start":{"line":32,"column":12},"end":{"line":32,"column":28}},"18":{"start":{"line":33,"column":12},"end":{"line":33,"column":18}},"19":{"start":{"line":35,"column":12},"end":{"line":35,"column":24}},"20":{"start":{"line":40,"column":17},"end":{"line":40,"column":33}},"21":{"start":{"line":41,"column":17},"end":{"line":43,"column":29}},"22":{"start":{"line":44,"column":4},"end":{"line":44,"column":34}},"23":{"start":{"line":48,"column":16},"end":{"line":48,"column":38}},"24":{"start":{"line":49,"column":4},"end":{"line":49,"column":21}},"25":{"start":{"line":50,"column":4},"end":{"line":50,"column":14}},"26":{"start":{"line":56,"column":4},"end":{"line":58,"column":5}},"27":{"start":{"line":57,"column":8},"end":{"line":57,"column":24}},"28":{"start":{"line":60,"column":4},"end":{"line":60,"column":37}},"29":{"start":{"line":61,"column":4},"end":{"line":61,"column":71}},"30":{"start":{"line":62,"column":4},"end":{"line":62,"column":34}}},"fnMap":{"0":{"name":"normalizePort","decl":{"start":{"line":7,"column":16},"end":{"line":7,"column":29}},"loc":{"start":{"line":7,"column":35},"end":{"line":15,"column":1}},"line":7},"1":{"name":"onError","decl":{"start":{"line":17,"column":16},"end":{"line":17,"column":23}},"loc":{"start":{"line":17,"column":31},"end":{"line":37,"column":1}},"line":17},"2":{"name":"onListening","decl":{"start":{"line":39,"column":16},"end":{"line":39,"column":27}},"loc":{"start":{"line":39,"column":30},"end":{"line":45,"column":1}},"line":39},"3":{"name":"handle404","decl":{"start":{"line":47,"column":16},"end":{"line":47,"column":25}},"loc":{"start":{"line":47,"column":42},"end":{"line":51,"column":1}},"line":47},"4":{"name":"basicErrorHandler","decl":{"start":{"line":53,"column":16},"end":{"line":53,"column":33}},"loc":{"start":{"line":53,"column":55},"end":{"line":63,"column":1}},"line":53}},"branchMap":{"0":{"loc":{"start":{"line":9,"column":4},"end":{"line":10,"column":21}},"type":"if","locations":[{"start":{"line":9,"column":4},"end":{"line":10,"column":21}},{"start":{"line":9,"column":4},"end":{"line":10,"column":21}}],"line":9},"1":{"loc":{"start":{"line":11,"column":4},"end":{"line":13,"column":5}},"type":"if","locations":[{"start":{"line":11,"column":4},"end":{"line":13,"column":5}},{"start":{"line":11,"column":4},"end":{"line":13,"column":5}}],"line":11},"2":{"loc":{"start":{"line":19,"column":4},"end":{"line":21,"column":5}},"type":"if","locations":[{"start":{"line":19,"column":4},"end":{"line":21,"column":5}},{"start":{"line":19,"column":4},"end":{"line":21,"column":5}}],"line":19},"3":{"loc":{"start":{"line":22,"column":17},"end":{"line":24,"column":24}},"type":"cond-expr","locations":[{"start":{"line":23,"column":10},"end":{"line":23,"column":24}},{"start":{"line":24,"column":10},"end":{"line":24,"column":24}}],"line":22},"4":{"loc":{"start":{"line":25,"column":4},"end":{"line":36,"column":5}},"type":"switch","locations":[{"start":{"line":26,"column":8},"end":{"line":29,"column":18}},{"start":{"line":30,"column":8},"end":{"line":33,"column":18}},{"start":{"line":34,"column":8},"end":{"line":35,"column":24}}],"line":25},"5":{"loc":{"start":{"line":41,"column":17},"end":{"line":43,"column":29}},"type":"cond-expr","locations":[{"start":{"line":42,"column":10},"end":{"line":42,"column":24}},{"start":{"line":43,"column":10},"end":{"line":43,"column":29}}],"line":41},"6":{"loc":{"start":{"line":56,"column":4},"end":{"line":58,"column":5}},"type":"if","locations":[{"start":{"line":56,"column":4},"end":{"line":58,"column":5}},{"start":{"line":56,"column":4},"end":{"line":58,"column":5}}],"line":56},"7":{"loc":{"start":{"line":61,"column":23},"end":{"line":61,"column":71}},"type":"cond-expr","locations":[{"start":{"line":61,"column":63},"end":{"line":61,"column":66}},{"start":{"line":61,"column":69},"end":{"line":61,"column":71}}],"line":61},"8":{"loc":{"start":{"line":62,"column":15},"end":{"line":62,"column":32}},"type":"binary-expr","locations":[{"start":{"line":62,"column":15},"end":{"line":62,"column":25}},{"start":{"line":62,"column":29},"end":{"line":62,"column":32}}],"line":62}},"s":{"0":1,"1":1,"2":1,"3":1,"4":0,"5":1,"6":1,"7":0,"8":0,"9":0,"10":0,"11":0,"12":0,"13":0,"14":0,"15":0,"16":0,"17":0,"18":0,"19":0,"20":1,"21":1,"22":1,"23":0,"24":0,"25":0,"26":0,"27":0,"28":0,"29":0,"30":0},"f":{"0":1,"1":0,"2":1,"3":0,"4":0},"b":{"0":[0,1],"1":[1,0],"2":[0,0],"3":[0,0],"4":[0,0,0],"5":[0,1],"6":[0,0],"7":[0,0],"8":[0,0]},"_coverageSchema":"1a1c01bbd47fc00a2c39e90264f33305004495a9","hash":"37453063f50b30e931540bd6a822e6041f8734e4"}
,"/Users/elishabello/Desktop/SoftwareProjects/Node/Gratis Digital/simple_blog_backend/config/database.js": {"path":"/Users/elishabello/Desktop/SoftwareProjects/Node/Gratis Digital/simple_blog_backend/config/database.js","statementMap":{"0":{"start":{"line":7,"column":12},"end":{"line":7,"column":43}},"1":{"start":{"line":8,"column":14},"end":{"line":8,"column":42}},"2":{"start":{"line":12,"column":4},"end":{"line":53,"column":5}},"3":{"start":{"line":13,"column":25},"end":{"line":13,"column":81}},"4":{"start":{"line":14,"column":23},"end":{"line":14,"column":52}},"5":{"start":{"line":16,"column":8},"end":{"line":19,"column":9}},"6":{"start":{"line":18,"column":12},"end":{"line":18,"column":57}},"7":{"start":{"line":20,"column":8},"end":{"line":23,"column":9}},"8":{"start":{"line":22,"column":12},"end":{"line":22,"column":59}},"9":{"start":{"line":24,"column":8},"end":{"line":27,"column":9}},"10":{"start":{"line":26,"column":12},"end":{"line":26,"column":61}},"11":{"start":{"line":28,"column":8},"end":{"line":31,"column":9}},"12":{"start":{"line":30,"column":12},"end":{"line":30,"column":62}},"13":{"start":{"line":32,"column":8},"end":{"line":35,"column":9}},"14":{"start":{"line":34,"column":12},"end":{"line":34,"column":62}},"15":{"start":{"line":36,"column":8},"end":{"line":39,"column":9}},"16":{"start":{"line":38,"column":12},"end":{"line":38,"column":68}},"17":{"start":{"line":40,"column":8},"end":{"line":45,"column":10}},"18":{"start":{"line":47,"column":8},"end":{"line":52,"column":9}},"19":{"start":{"line":48,"column":12},"end":{"line":48,"column":43}},"20":{"start":{"line":49,"column":12},"end":{"line":49,"column":51}},"21":{"start":{"line":51,"column":12},"end":{"line":51,"column":66}},"22":{"start":{"line":54,"column":4},"end":{"line":54,"column":20}},"23":{"start":{"line":57,"column":0},"end":{"line":57,"column":18}},"24":{"start":{"line":60,"column":0},"end":{"line":69,"column":37}},"25":{"start":{"line":72,"column":0},"end":{"line":80,"column":40}},"26":{"start":{"line":83,"column":14},"end":{"line":83,"column":16}},"27":{"start":{"line":84,"column":0},"end":{"line":84,"column":18}},"28":{"start":{"line":85,"column":0},"end":{"line":85,"column":24}},"29":{"start":{"line":87,"column":0},"end":{"line":87,"column":59}},"30":{"start":{"line":88,"column":0},"end":{"line":88,"column":36}},"31":{"start":{"line":91,"column":0},"end":{"line":91,"column":32}}},"fnMap":{"0":{"name":"connectDB","decl":{"start":{"line":11,"column":15},"end":{"line":11,"column":24}},"loc":{"start":{"line":11,"column":27},"end":{"line":55,"column":1}},"line":11}},"branchMap":{"0":{"loc":{"start":{"line":12,"column":4},"end":{"line":53,"column":5}},"type":"if","locations":[{"start":{"line":12,"column":4},"end":{"line":53,"column":5}},{"start":{"line":12,"column":4},"end":{"line":53,"column":5}}],"line":12},"1":{"loc":{"start":{"line":16,"column":8},"end":{"line":19,"column":9}},"type":"if","locations":[{"start":{"line":16,"column":8},"end":{"line":19,"column":9}},{"start":{"line":16,"column":8},"end":{"line":19,"column":9}}],"line":16},"2":{"loc":{"start":{"line":16,"column":12},"end":{"line":17,"column":50}},"type":"binary-expr","locations":[{"start":{"line":16,"column":12},"end":{"line":16,"column":63}},{"start":{"line":17,"column":15},"end":{"line":17,"column":50}}],"line":16},"3":{"loc":{"start":{"line":20,"column":8},"end":{"line":23,"column":9}},"type":"if","locations":[{"start":{"line":20,"column":8},"end":{"line":23,"column":9}},{"start":{"line":20,"column":8},"end":{"line":23,"column":9}}],"line":20},"4":{"loc":{"start":{"line":20,"column":12},"end":{"line":21,"column":50}},"type":"binary-expr","locations":[{"start":{"line":20,"column":12},"end":{"line":20,"column":63}},{"start":{"line":21,"column":15},"end":{"line":21,"column":50}}],"line":20},"5":{"loc":{"start":{"line":24,"column":8},"end":{"line":27,"column":9}},"type":"if","locations":[{"start":{"line":24,"column":8},"end":{"line":27,"column":9}},{"start":{"line":24,"column":8},"end":{"line":27,"column":9}}],"line":24},"6":{"loc":{"start":{"line":24,"column":12},"end":{"line":25,"column":52}},"type":"binary-expr","locations":[{"start":{"line":24,"column":12},"end":{"line":24,"column":65}},{"start":{"line":25,"column":15},"end":{"line":25,"column":52}}],"line":24},"7":{"loc":{"start":{"line":28,"column":8},"end":{"line":31,"column":9}},"type":"if","locations":[{"start":{"line":28,"column":8},"end":{"line":31,"column":9}},{"start":{"line":28,"column":8},"end":{"line":31,"column":9}}],"line":28},"8":{"loc":{"start":{"line":28,"column":12},"end":{"line":29,"column":50}},"type":"binary-expr","locations":[{"start":{"line":28,"column":12},"end":{"line":28,"column":63}},{"start":{"line":29,"column":15},"end":{"line":29,"column":50}}],"line":28},"9":{"loc":{"start":{"line":32,"column":8},"end":{"line":35,"column":9}},"type":"if","locations":[{"start":{"line":32,"column":8},"end":{"line":35,"column":9}},{"start":{"line":32,"column":8},"end":{"line":35,"column":9}}],"line":32},"10":{"loc":{"start":{"line":32,"column":12},"end":{"line":33,"column":50}},"type":"binary-expr","locations":[{"start":{"line":32,"column":12},"end":{"line":32,"column":63}},{"start":{"line":33,"column":15},"end":{"line":33,"column":50}}],"line":32},"11":{"loc":{"start":{"line":36,"column":8},"end":{"line":39,"column":9}},"type":"if","locations":[{"start":{"line":36,"column":8},"end":{"line":39,"column":9}},{"start":{"line":36,"column":8},"end":{"line":39,"column":9}}],"line":36},"12":{"loc":{"start":{"line":36,"column":12},"end":{"line":37,"column":53}},"type":"binary-expr","locations":[{"start":{"line":36,"column":12},"end":{"line":36,"column":66}},{"start":{"line":37,"column":15},"end":{"line":37,"column":53}}],"line":36}},"s":{"0":1,"1":1,"2":1,"3":1,"4":1,"5":1,"6":0,"7":1,"8":0,"9":1,"10":0,"11":1,"12":0,"13":1,"14":0,"15":1,"16":0,"17":1,"18":1,"19":1,"20":1,"21":0,"22":1,"23":1,"24":1,"25":1,"26":1,"27":1,"28":1,"29":1,"30":1,"31":1},"f":{"0":1},"b":{"0":[1,0],"1":[0,1],"2":[1,0],"3":[0,1],"4":[1,0],"5":[0,1],"6":[1,0],"7":[0,1],"8":[1,0],"9":[0,1],"10":[1,0],"11":[0,1],"12":[1,0]},"_coverageSchema":"1a1c01bbd47fc00a2c39e90264f33305004495a9","hash":"42fd9a0d52ae50a948ca22b3a12c9fd2a446f991"}
,"/Users/elishabello/Desktop/SoftwareProjects/Node/Gratis Digital/simple_blog_backend/models/blog.js": {"path":"/Users/elishabello/Desktop/SoftwareProjects/Node/Gratis Digital/simple_blog_backend/models/blog.js","statementMap":{"0":{"start":{"line":4,"column":26},"end":{"line":4,"column":32}},"1":{"start":{"line":5,"column":4},"end":{"line":7,"column":7}},"2":{"start":{"line":11,"column":4},"end":{"line":11,"column":37}},"3":{"start":{"line":15,"column":28},"end":{"line":15,"column":31}},"4":{"start":{"line":16,"column":4},"end":{"line":19,"column":7}},"5":{"start":{"line":23,"column":4},"end":{"line":25,"column":6}},"6":{"start":{"line":29,"column":4},"end":{"line":29,"column":61}},"7":{"start":{"line":30,"column":4},"end":{"line":30,"column":48}},"8":{"start":{"line":34,"column":4},"end":{"line":34,"column":54}}},"fnMap":{"0":{"name":"create","decl":{"start":{"line":3,"column":22},"end":{"line":3,"column":28}},"loc":{"start":{"line":3,"column":37},"end":{"line":8,"column":1}},"line":3},"1":{"name":"listAllBlogs","decl":{"start":{"line":10,"column":22},"end":{"line":10,"column":34}},"loc":{"start":{"line":10,"column":37},"end":{"line":12,"column":1}},"line":10},"2":{"name":"listBlogsPaginated","decl":{"start":{"line":14,"column":22},"end":{"line":14,"column":40}},"loc":{"start":{"line":14,"column":46},"end":{"line":20,"column":1}},"line":14},"3":{"name":"getBlog","decl":{"start":{"line":22,"column":22},"end":{"line":22,"column":29}},"loc":{"start":{"line":22,"column":34},"end":{"line":26,"column":1}},"line":22},"4":{"name":"updateBlog","decl":{"start":{"line":28,"column":22},"end":{"line":28,"column":32}},"loc":{"start":{"line":28,"column":45},"end":{"line":31,"column":1}},"line":28},"5":{"name":"deleteBlog","decl":{"start":{"line":33,"column":22},"end":{"line":33,"column":32}},"loc":{"start":{"line":33,"column":37},"end":{"line":35,"column":1}},"line":33}},"branchMap":{},"s":{"0":1,"1":1,"2":0,"3":0,"4":0,"5":0,"6":0,"7":0,"8":0},"f":{"0":1,"1":0,"2":0,"3":0,"4":0,"5":0},"b":{},"_coverageSchema":"1a1c01bbd47fc00a2c39e90264f33305004495a9","hash":"223eecbc1cb55119729c7b779b9d9d2b581c9bd4"}
,"/Users/elishabello/Desktop/SoftwareProjects/Node/Gratis Digital/simple_blog_backend/models/comment.js": {"path":"/Users/elishabello/Desktop/SoftwareProjects/Node/Gratis Digital/simple_blog_backend/models/comment.js","statementMap":{"0":{"start":{"line":4,"column":34},"end":{"line":4,"column":40}},"1":{"start":{"line":5,"column":4},"end":{"line":7,"column":7}},"2":{"start":{"line":11,"column":4},"end":{"line":13,"column":6}},"3":{"start":{"line":17,"column":29},"end":{"line":19,"column":6}},"4":{"start":{"line":20,"column":17},"end":{"line":20,"column":19}},"5":{"start":{"line":21,"column":4},"end":{"line":24,"column":8}},"6":{"start":{"line":21,"column":40},"end":{"line":24,"column":6}},"7":{"start":{"line":25,"column":4},"end":{"line":25,"column":18}},"8":{"start":{"line":29,"column":4},"end":{"line":29,"column":64}},"9":{"start":{"line":30,"column":4},"end":{"line":30,"column":51}},"10":{"start":{"line":34,"column":4},"end":{"line":34,"column":57}}},"fnMap":{"0":{"name":"postComment","decl":{"start":{"line":3,"column":22},"end":{"line":3,"column":33}},"loc":{"start":{"line":3,"column":42},"end":{"line":8,"column":1}},"line":3},"1":{"name":"getComment","decl":{"start":{"line":10,"column":22},"end":{"line":10,"column":32}},"loc":{"start":{"line":10,"column":37},"end":{"line":14,"column":1}},"line":10},"2":{"name":"getBlogPostComments","decl":{"start":{"line":16,"column":22},"end":{"line":16,"column":41}},"loc":{"start":{"line":16,"column":50},"end":{"line":26,"column":1}},"line":16},"3":{"name":"(anonymous_3)","decl":{"start":{"line":21,"column":29},"end":{"line":21,"column":30}},"loc":{"start":{"line":21,"column":40},"end":{"line":24,"column":6}},"line":21},"4":{"name":"updateComment","decl":{"start":{"line":28,"column":22},"end":{"line":28,"column":35}},"loc":{"start":{"line":28,"column":48},"end":{"line":31,"column":1}},"line":28},"5":{"name":"deleteComment","decl":{"start":{"line":33,"column":22},"end":{"line":33,"column":35}},"loc":{"start":{"line":33,"column":40},"end":{"line":35,"column":1}},"line":33}},"branchMap":{},"s":{"0":0,"1":0,"2":0,"3":0,"4":0,"5":0,"6":0,"7":0,"8":0,"9":0,"10":0},"f":{"0":0,"1":0,"2":0,"3":0,"4":0,"5":0},"b":{},"_coverageSchema":"1a1c01bbd47fc00a2c39e90264f33305004495a9","hash":"f953b71f7d2502a8e97d5afb3ffa3e9d843611c0"}
,"/Users/elishabello/Desktop/SoftwareProjects/Node/Gratis Digital/simple_blog_backend/routes/handlers.js": {"path":"/Users/elishabello/Desktop/SoftwareProjects/Node/Gratis Digital/simple_blog_backend/routes/handlers.js","statementMap":{"0":{"start":{"line":11,"column":4},"end":{"line":16,"column":5}},"1":{"start":{"line":12,"column":21},"end":{"line":12,"column":48}},"2":{"start":{"line":13,"column":8},"end":{"line":13,"column":23}},"3":{"start":{"line":15,"column":8},"end":{"line":15,"column":18}},"4":{"start":{"line":20,"column":4},"end":{"line":25,"column":5}},"5":{"start":{"line":21,"column":22},"end":{"line":21,"column":47}},"6":{"start":{"line":22,"column":8},"end":{"line":22,"column":23}},"7":{"start":{"line":24,"column":8},"end":{"line":24,"column":18}},"8":{"start":{"line":29,"column":4},"end":{"line":35,"column":5}},"9":{"start":{"line":30,"column":33},"end":{"line":30,"column":42}},"10":{"start":{"line":31,"column":22},"end":{"line":31,"column":70}},"11":{"start":{"line":32,"column":8},"end":{"line":32,"column":23}},"12":{"start":{"line":34,"column":8},"end":{"line":34,"column":18}},"13":{"start":{"line":39,"column":4},"end":{"line":45,"column":5}},"14":{"start":{"line":40,"column":23},"end":{"line":40,"column":33}},"15":{"start":{"line":41,"column":25},"end":{"line":41,"column":47}},"16":{"start":{"line":42,"column":8},"end":{"line":42,"column":26}},"17":{"start":{"line":44,"column":8},"end":{"line":44,"column":18}},"18":{"start":{"line":49,"column":4},"end":{"line":55,"column":5}},"19":{"start":{"line":50,"column":23},"end":{"line":50,"column":31}},"20":{"start":{"line":51,"column":21},"end":{"line":51,"column":65}},"21":{"start":{"line":52,"column":8},"end":{"line":52,"column":23}},"22":{"start":{"line":54,"column":8},"end":{"line":54,"column":18}},"23":{"start":{"line":59,"column":4},"end":{"line":65,"column":5}},"24":{"start":{"line":60,"column":21},"end":{"line":60,"column":31}},"25":{"start":{"line":61,"column":8},"end":{"line":61,"column":34}},"26":{"start":{"line":62,"column":8},"end":{"line":62,"column":35}},"27":{"start":{"line":64,"column":8},"end":{"line":64,"column":18}},"28":{"start":{"line":75,"column":4},"end":{"line":80,"column":5}},"29":{"start":{"line":76,"column":24},"end":{"line":76,"column":59}},"30":{"start":{"line":77,"column":8},"end":{"line":77,"column":26}},"31":{"start":{"line":79,"column":8},"end":{"line":79,"column":18}},"32":{"start":{"line":84,"column":4},"end":{"line":90,"column":5}},"33":{"start":{"line":85,"column":23},"end":{"line":85,"column":33}},"34":{"start":{"line":86,"column":24},"end":{"line":86,"column":52}},"35":{"start":{"line":87,"column":8},"end":{"line":87,"column":25}},"36":{"start":{"line":89,"column":8},"end":{"line":89,"column":18}},"37":{"start":{"line":94,"column":4},"end":{"line":100,"column":5}},"38":{"start":{"line":95,"column":25},"end":{"line":95,"column":35}},"39":{"start":{"line":96,"column":25},"end":{"line":96,"column":66}},"40":{"start":{"line":97,"column":8},"end":{"line":97,"column":27}},"41":{"start":{"line":99,"column":8},"end":{"line":99,"column":18}},"42":{"start":{"line":104,"column":4},"end":{"line":110,"column":5}},"43":{"start":{"line":105,"column":23},"end":{"line":105,"column":31}},"44":{"start":{"line":106,"column":24},"end":{"line":106,"column":74}},"45":{"start":{"line":107,"column":8},"end":{"line":107,"column":26}},"46":{"start":{"line":109,"column":8},"end":{"line":109,"column":18}},"47":{"start":{"line":114,"column":4},"end":{"line":120,"column":5}},"48":{"start":{"line":115,"column":21},"end":{"line":115,"column":31}},"49":{"start":{"line":116,"column":8},"end":{"line":116,"column":40}},"50":{"start":{"line":117,"column":8},"end":{"line":117,"column":35}},"51":{"start":{"line":119,"column":8},"end":{"line":119,"column":18}}},"fnMap":{"0":{"name":"postBlog","decl":{"start":{"line":10,"column":22},"end":{"line":10,"column":30}},"loc":{"start":{"line":10,"column":47},"end":{"line":17,"column":1}},"line":10},"1":{"name":"getAllBlogs","decl":{"start":{"line":19,"column":22},"end":{"line":19,"column":33}},"loc":{"start":{"line":19,"column":50},"end":{"line":26,"column":1}},"line":19},"2":{"name":"getBlogsPaginated","decl":{"start":{"line":28,"column":22},"end":{"line":28,"column":39}},"loc":{"start":{"line":28,"column":56},"end":{"line":36,"column":1}},"line":28},"3":{"name":"getBlogPost","decl":{"start":{"line":38,"column":22},"end":{"line":38,"column":33}},"loc":{"start":{"line":38,"column":50},"end":{"line":46,"column":1}},"line":38},"4":{"name":"updateBlogPost","decl":{"start":{"line":48,"column":22},"end":{"line":48,"column":36}},"loc":{"start":{"line":48,"column":53},"end":{"line":56,"column":1}},"line":48},"5":{"name":"deleteBlogPost","decl":{"start":{"line":58,"column":22},"end":{"line":58,"column":36}},"loc":{"start":{"line":58,"column":53},"end":{"line":66,"column":1}},"line":58},"6":{"name":"addCommentHandler","decl":{"start":{"line":74,"column":22},"end":{"line":74,"column":39}},"loc":{"start":{"line":74,"column":56},"end":{"line":81,"column":1}},"line":74},"7":{"name":"getCommentHandler","decl":{"start":{"line":83,"column":22},"end":{"line":83,"column":39}},"loc":{"start":{"line":83,"column":56},"end":{"line":91,"column":1}},"line":83},"8":{"name":"getBlogPostCommentsHandler","decl":{"start":{"line":93,"column":22},"end":{"line":93,"column":48}},"loc":{"start":{"line":93,"column":65},"end":{"line":101,"column":1}},"line":93},"9":{"name":"updateCommentHandler","decl":{"start":{"line":103,"column":22},"end":{"line":103,"column":42}},"loc":{"start":{"line":103,"column":59},"end":{"line":111,"column":1}},"line":103},"10":{"name":"deleteCommentHandler","decl":{"start":{"line":113,"column":22},"end":{"line":113,"column":42}},"loc":{"start":{"line":113,"column":59},"end":{"line":121,"column":1}},"line":113}},"branchMap":{},"s":{"0":1,"1":1,"2":1,"3":0,"4":0,"5":0,"6":0,"7":0,"8":0,"9":0,"10":0,"11":0,"12":0,"13":0,"14":0,"15":0,"16":0,"17":0,"18":0,"19":0,"20":0,"21":0,"22":0,"23":0,"24":0,"25":0,"26":0,"27":0,"28":0,"29":0,"30":0,"31":0,"32":0,"33":0,"34":0,"35":0,"36":0,"37":0,"38":0,"39":0,"40":0,"41":0,"42":0,"43":0,"44":0,"45":0,"46":0,"47":0,"48":0,"49":0,"50":0,"51":0},"f":{"0":1,"1":0,"2":0,"3":0,"4":0,"5":0,"6":0,"7":0,"8":0,"9":0,"10":0},"b":{},"_coverageSchema":"1a1c01bbd47fc00a2c39e90264f33305004495a9","hash":"7545e96bfd005b08045ce1307ad5841e71e931b7"}
}
